#
# A fatal error has been detected by the Java Runtime Environment:
#
#  EXCEPTION_ACCESS_VIOLATION (0xc0000005) at pc=0x00007ffcbe3f00aa, pid=6800, tid=14276
#
# JRE version: Java(TM) SE Runtime Environment (18.0.1.1+2) (build 18.0.1.1+2-6)
# Java VM: Java HotSpot(TM) 64-Bit Server VM (18.0.1.1+2-6, mixed mode, sharing, tiered, compressed oops, compressed class ptrs, g1 gc, windows-amd64)
# Problematic frame:
# V  [jvm.dll+0x7600aa]
#
# No core dump will be written. Minidumps are not enabled by default on client versions of Windows
#
# If you would like to submit a bug report, please visit:
#   https://bugreport.java.com/bugreport/crash.jsp
#

---------------  S U M M A R Y ------------

Command Line: -XX:+ShowCodeDetailsInExceptionMessages -agentlib:jdwp=transport=dt_socket,suspend=y,address=localhost:51233 -ea -javaagent:C:\Users\ewgen\eclipse\jee-2022-09\eclipse\configuration\org.eclipse.osgi\421\0\.cp\lib\javaagent-shaded.jar -Dfile.encoding=UTF-8 org.eclipse.jdt.internal.junit.runner.RemoteTestRunner -version 3 -port 51232 -testLoaderClass org.eclipse.jdt.internal.junit5.runner.JUnit5TestLoader -loaderpluginname org.eclipse.jdt.junit5.runtime -test telran.util.test.LinkedListTest:testRemoveInt -uniqueId [engine:junit-jupiter]/[class:telran.util.test.LinkedListTest]/[method:testRemoveInt()]

Host: Intel(R) Core(TM) i7-8750H CPU @ 2.20GHz, 12 cores, 7G,  Windows 11 , 64 bit Build 22621 (10.0.22621.963)
Time: Wed Jan  4 08:13:15 2023 Jerusalem Standard Time elapsed time: 842.598311 seconds (0d 0h 14m 2s)

---------------  T H R E A D  ---------------

Current thread (0x00000218efcd5ad0):  JavaThread "JDWP Transport Listener: dt_socket" daemon [_thread_in_vm, id=14276, stack(0x000000facad00000,0x000000facae00000)]

Stack: [0x000000facad00000,0x000000facae00000],  sp=0x000000facadff5a0,  free space=1021k
Native frames: (J=compiled Java code, j=interpreted, Vv=VM code, C=native code)
V  [jvm.dll+0x7600aa]
V  [jvm.dll+0x52bfcc]
V  [jvm.dll+0x4f37db]
C  [jdwp.dll+0x23087]


siginfo: EXCEPTION_ACCESS_VIOLATION (0xc0000005), reading address 0x000000000086000a


Register to memory mapping:

RIP=0x00007ffcbe3f00aa jvm.dll
RAX=0x0000000000000087 is an unknown value
RBX=0x00000218eb91f371 points into unknown readable memory: 65 64 4c 69 73 74 24
RCX=0x0000000000860006 is an unknown value
RDX=0x00000218f0717ac0 points into unknown readable memory: 0x2f6e61726c65744c | 4c 74 65 6c 72 61 6e 2f
RSP=0x000000facadff5a0 is pointing into the stack for thread: 0x00000218efcd5ad0
RBP=0x00000218efce0640 points into unknown readable memory: 0x0043005000000002 | 02 00 00 00 50 00 43 00
RSI=0x0 is NULL
RDI=0xffffffffffffffff is an unknown value
R8 =0x0000000000000014 is an unknown value
R9 =0x0000000000000029 is an unknown value
R10=0x0 is NULL
R11=0x000000facadff5c0 is pointing into the stack for thread: 0x00000218efcd5ad0
R12=0x000000facadff6f8 is pointing into the stack for thread: 0x00000218efcd5ad0
R13=0x0 is NULL
R14=0x0000000800cd6ed8 is a pointer to class: 
telran.util.LinkedList {0x0000000800cd6ee0}
 - instance size:     3
 - klass size:        112
 - access:            public synchronized 
 - state:             fully_initialized
 - name:              'telran/util/LinkedList'
 - super:             'java/lang/Object'
 - sub:               
 - arrays:            NULL
 - methods:           Array<T>(0x00000218ec06cdd0)
 - method ordering:   Array<T>(0x00000218ec2615a8)
 - default_methods:   Array<T>(0x00000218ec2460c8)
 - default vtable indices:   Array<T>(0x00000218ec2460f0)
 - local interfaces:  Array<T>(0x00000218ec242f58)
 - trans. interfaces: Array<T>(0x00000218ec246058)
 - constants:         constant pool [141] {0x00000218ec140008} for 'telran/util/LinkedList' cache=0x00000218ec2006c0
 - class loader data:  loader data: 0x00000218efc89c30 for instance a 'jdk/internal/loader/ClassLoaders$AppClassLoader'{0x0000000088c00000}
 - source file:       'LinkedList.java'
 - source debug extension:       SMAP
LinkedList.java
Java
*S jdt
*F
1 LinkedList.java
2 file:/C:/Users/ewgen/git/oop-introduction/oop-introduction/bin/
*L
*E

 - class annotations:       Array<T>(0x0000000000000000)
 - class type annotations:  Array<T>(0x0000000000000000)
 - field annotations:       Array<T>(0x0000000000000000)
 - field type annotations:  Array<T>(0x0000000000000000)
 - previous version:  constant pool [134] {0x00000218ec242ab0} for 'telran/util/LinkedList' (extra) cache=0x00000218ec2465b0
 - generic signature: '
[error occurred during error reporting (printing register info), id 0xc0000005, EXCEPTION_ACCESS_VIOLATION (0xc0000005) at pc=0x00007ffcbe3f0cb6]

Registers:
RAX=0x0000000000000087, RBX=0x00000218eb91f371, RCX=0x0000000000860006, RDX=0x00000218f0717ac0
RSP=0x000000facadff5a0, RBP=0x00000218efce0640, RSI=0x0000000000000000, RDI=0xffffffffffffffff
R8 =0x0000000000000014, R9 =0x0000000000000029, R10=0x0000000000000000, R11=0x000000facadff5c0
R12=0x000000facadff6f8, R13=0x0000000000000000, R14=0x0000000800cd6ed8, R15=0x000000facadff720
RIP=0x00007ffcbe3f00aa, EFLAGS=0x0000000000010206

Top of Stack: (sp=0x000000facadff5a0)
0x000000facadff5a0:   0000000000000016 0000000800cd6ed8
0x000000facadff5b0:   0000000000000000 00007ffcbe1e5d3d
0x000000facadff5c0:   ffffffffffffffff 00007ffcbe1bbfcc
0x000000facadff5d0:   00000218eb91f371 00000218efce0640
0x000000facadff5e0:   0000000000000000 00007ffcbe1beb6d
0x000000facadff5f0:   00000218eb91f330 00000000000003d8
0x000000facadff600:   00000218eb91f340 00000218eb91f718
0x000000facadff610:   0000000000004d01 000000facadff6f8
0x000000facadff620:   0000000000000007 00000218efcd5d60
0x000000facadff630:   00000000897e2400 00007ffcbe1837db
0x000000facadff640:   00000218efcd5ad0 000000facadff720
0x000000facadff650:   00000218cd3c20d0 000000facadff720
0x000000facadff660:   00000218efcd5ad0 0000000000000000
0x000000facadff670:   0000000000000000 0000000000000000
0x000000facadff680:   00000218efcd81a8 00007ffd32823087
0x000000facadff690:   000000facadff718 00007ffd32831718 

Instructions: (pc=0x00007ffcbe3f00aa)
0x00007ffcbe3effaa:   48 8b f8 48 85 db 74 08 48 8b cb e8 86 b0 f0 ff
0x00007ffcbe3effba:   48 8b 5c 24 30 48 8b c7 48 83 c4 20 5f c3 8d 42
0x00007ffcbe3effca:   06 83 ff 02 b9 08 00 00 00 0f 4e c1 45 33 c0 48
0x00007ffcbe3effda:   63 c8 48 83 c1 07 83 e1 f8 48 63 c9 41 8d 50 0b
0x00007ffcbe3effea:   48 83 c4 20 5f e9 3c 31 95 ff cc cc cc cc cc cc
0x00007ffcbe3efffa:   cc cc cc cc cc cc 83 fa 02 8d 42 06 b9 08 00 00
0x00007ffcbe3f000a:   00 4d 8b c8 0f 4e c1 48 63 c8 49 8b 40 18 48 83
0x00007ffcbe3f001a:   c1 07 83 e1 f8 48 63 d1 49 8b 48 20 48 2b c8 48
0x00007ffcbe3f002a:   3b ca 72 09 48 8d 0c 10 49 89 48 18 c3 45 33 c0
0x00007ffcbe3f003a:   49 8b c9 e9 1e 8f 95 ff cc cc cc cc cc cc cc cc
0x00007ffcbe3f004a:   cc cc cc cc cc cc 4c 8b d2 4c 8b d9 45 85 c0 7e
0x00007ffcbe3f005a:   3c 44 0f b7 49 04 41 8d 40 ff 41 3b c1 44 0f 4c
0x00007ffcbe3f006a:   c8 4d 63 c1 45 85 c9 7e 1f 48 8b c2 4c 2b da 49
0x00007ffcbe3f007a:   8b d0 0f 1f 40 00 41 0f b6 4c 03 06 88 08 48 8d
0x00007ffcbe3f008a:   40 01 48 83 ea 01 75 ee 43 c6 04 10 00 49 8b c2
0x00007ffcbe3f009a:   c3 cc cc cc cc cc 48 89 5c 24 08 57 48 83 ec 20
0x00007ffcbe3f00aa:   0f b7 59 04 48 8b f9 33 d2 48 8d 4b 01 e8 b4 d6
0x00007ffcbe3f00ba:   f8 ff 0f b7 57 04 4c 8b c0 3b da 0f 42 d3 44 8b
0x00007ffcbe3f00ca:   ca 85 d2 74 39 48 2b f8 0f 1f 40 00 66 66 0f 1f
0x00007ffcbe3f00da:   84 00 00 00 00 00 0f b6 4c 07 06 88 08 48 ff c0
0x00007ffcbe3f00ea:   48 8b c8 49 2b c8 49 3b c9 7c eb 42 c6 04 02 00
0x00007ffcbe3f00fa:   49 8b c0 48 8b 5c 24 30 48 83 c4 20 5f c3 48 8b
0x00007ffcbe3f010a:   5c 24 30 c6 04 02 00 48 83 c4 20 5f c3 cc cc cc
0x00007ffcbe3f011a:   cc cc cc cc cc cc 4c 8b d1 45 85 c0 7e 6c 44 0f
0x00007ffcbe3f012a:   b7 49 04 41 8d 40 ff 41 3b c1 44 0f 4c c8 4d 63
0x00007ffcbe3f013a:   d9 45 85 c9 7e 22 48 8b ca 4c 2b d2 4d 8b c3 0f
0x00007ffcbe3f014a:   1f 80 00 00 00 00 41 0f b6 44 0a 06 88 01 48 8d
0x00007ffcbe3f015a:   49 01 49 83 e8 01 75 ee 41 c6 04 13 00 48 c7 c0
0x00007ffcbe3f016a:   ff ff ff ff 66 90 48 ff c0 80 3c 02 00 75 f7 48
0x00007ffcbe3f017a:   63 c8 85 c0 48 8b c2 7e 14 80 38 2f 75 03 c6 00
0x00007ffcbe3f018a:   2e 48 ff c0 48 83 e9 01 75 ef 48 8b c2 c3 cc cc
0x00007ffcbe3f019a:   cc cc cc cc cc cc 48 83 ec 28 e8 f7 fe ff ff 4c 


Stack slot to memory mapping:
stack at sp + 0 slots: 0x0000000000000016 is an unknown value
stack at sp + 1 slots: 0x0000000800cd6ed8 is a pointer to class: 
telran.util.LinkedList {0x0000000800cd6ee0}
 - instance size:     3
 - klass size:        112
 - access:            public synchronized 
 - state:             fully_initialized
 - name:              'telran/util/LinkedList'
 - super:             'java/lang/Object'
 - sub:               
 - arrays:            NULL
 - methods:           Array<T>(0x00000218ec06cdd0)
 - method ordering:   Array<T>(0x00000218ec2615a8)
 - default_methods:   Array<T>(0x00000218ec2460c8)
 - default vtable indices:   Array<T>(0x00000218ec2460f0)
 - local interfaces:  Array<T>(0x00000218ec242f58)
 - trans. interfaces: Array<T>(0x00000218ec246058)
 - constants:         constant pool [141] {0x00000218ec140008} for 'telran/util/LinkedList' cache=0x00000218ec2006c0
 - class loader data:  loader data: 0x00000218efc89c30 for instance a 'jdk/internal/loader/ClassLoaders$AppClassLoader'{0x0000000088c00000}
 - source file:       'LinkedList.java'
 - source debug extension:       SMAP
LinkedList.java
Java
*S jdt
*F
1 LinkedList.java
2 file:/C:/Users/ewgen/git/oop-introduction/oop-introduction/bin/
*L
*E

 - class annotations:       Array<T>(0x0000000000000000)
 - class type annotations:  Array<T>(0x0000000000000000)
 - field annotations:       Array<T>(0x0000000000000000)
 - field type annotations:  Array<T>(0x0000000000000000)
 - previous version:  constant pool [134] {0x00000218ec242ab0} for 'telran/util/LinkedList' (extra) cache=0x00000218ec2465b0
 - generic signature: '
[error occurred during error reporting (inspecting top of stack), id 0xc0000005, EXCEPTION_ACCESS_VIOLATION (0xc0000005) at pc=0x00007ffcbe3f0cb6]


---------------  P R O C E S S  ---------------

Threads class SMR info:
_java_thread_list=0x00000218f0a67df0, length=16, elements={
0x00000218cd3d4ff0, 0x00000218eb8fe5b0, 0x00000218eb8feb60, 0x00000218eb91a7b0,
0x00000218eb91ad60, 0x00000218eb91b310, 0x00000218eb91f8d0, 0x00000218eb92bac0,
0x00000218eb92cfd0, 0x00000218eb92d4d0, 0x00000218eb8e9700, 0x00000218efcd5ad0,
0x00000218efe06b90, 0x00000218efe09380, 0x00000218effebc30, 0x00000218f05a9040
}

Java Threads: ( => current thread )
  0x00000218cd3d4ff0 JavaThread "main" [_thread_blocked, id=11448, stack(0x000000fac9c00000,0x000000fac9d00000)]
  0x00000218eb8fe5b0 JavaThread "Reference Handler" daemon [_thread_blocked, id=6380, stack(0x000000faca300000,0x000000faca400000)]
  0x00000218eb8feb60 JavaThread "Finalizer" daemon [_thread_blocked, id=196, stack(0x000000faca400000,0x000000faca500000)]
  0x00000218eb91a7b0 JavaThread "Signal Dispatcher" daemon [_thread_blocked, id=12412, stack(0x000000faca500000,0x000000faca600000)]
  0x00000218eb91ad60 JavaThread "Attach Listener" daemon [_thread_blocked, id=8992, stack(0x000000faca600000,0x000000faca700000)]
  0x00000218eb91b310 JavaThread "Service Thread" daemon [_thread_blocked, id=11772, stack(0x000000faca700000,0x000000faca800000)]
  0x00000218eb91f8d0 JavaThread "Monitor Deflation Thread" daemon [_thread_blocked, id=17232, stack(0x000000faca800000,0x000000faca900000)]
  0x00000218eb92bac0 JavaThread "C2 CompilerThread0" daemon [_thread_blocked, id=4796, stack(0x000000faca900000,0x000000facaa00000)]
  0x00000218eb92cfd0 JavaThread "C1 CompilerThread0" daemon [_thread_blocked, id=6504, stack(0x000000facaa00000,0x000000facab00000)]
  0x00000218eb92d4d0 JavaThread "Sweeper thread" daemon [_thread_blocked, id=2992, stack(0x000000facab00000,0x000000facac00000)]
  0x00000218eb8e9700 JavaThread "Common-Cleaner" daemon [_thread_blocked, id=9376, stack(0x000000facac00000,0x000000facad00000)]
=>0x00000218efcd5ad0 JavaThread "JDWP Transport Listener: dt_socket" daemon [_thread_in_vm, id=14276, stack(0x000000facad00000,0x000000facae00000)]
  0x00000218efe06b90 JavaThread "JDWP Event Helper Thread" daemon [_thread_blocked, id=6356, stack(0x000000facae00000,0x000000facaf00000)]
  0x00000218efe09380 JavaThread "JDWP Command Reader" daemon [_thread_in_native, id=12304, stack(0x000000facaf00000,0x000000facb000000)]
  0x00000218effebc30 JavaThread "Notification Thread" daemon [_thread_blocked, id=11168, stack(0x000000facb200000,0x000000facb300000)]
  0x00000218f05a9040 JavaThread "ReaderThread" [_thread_in_native, id=17476, stack(0x000000facb400000,0x000000facb500000)]

Other Threads:
  0x00000218cd45c810 VMThread "VM Thread" [stack: 0x000000faca200000,0x000000faca300000] [id=17040]
  0x00000218f0400740 WatcherThread "VM Periodic Task Thread" [stack: 0x000000facb300000,0x000000facb400000] [id=2904]
  0x00000218cd437420 WorkerThread "GC Thread#0" [stack: 0x000000fac9d00000,0x000000fac9e00000] [id=3332]
  0x00000218f06ac570 WorkerThread "GC Thread#1" [stack: 0x000000facb500000,0x000000facb600000] [id=9544]
  0x00000218f06951c0 WorkerThread "GC Thread#2" [stack: 0x000000facb600000,0x000000facb700000] [id=17000]
  0x00000218f06caeb0 WorkerThread "GC Thread#3" [stack: 0x000000facb700000,0x000000facb800000] [id=3592]
  0x00000218f06ef270 WorkerThread "GC Thread#4" [stack: 0x000000facb800000,0x000000facb900000] [id=5620]
  0x00000218f06ef510 WorkerThread "GC Thread#5" [stack: 0x000000facb900000,0x000000facba00000] [id=5492]
  0x00000218f06f0770 WorkerThread "GC Thread#6" [stack: 0x000000facba00000,0x000000facbb00000] [id=16388]
  0x00000218f06efa50 WorkerThread "GC Thread#7" [stack: 0x000000facbb00000,0x000000facbc00000] [id=2972]
  0x00000218f06f0230 WorkerThread "GC Thread#8" [stack: 0x000000facbc00000,0x000000facbd00000] [id=12948]
  0x00000218cd447ef0 ConcurrentGCThread "G1 Main Marker" [stack: 0x000000fac9e00000,0x000000fac9f00000] [id=8392]
  0x00000218cd449f90 WorkerThread "G1 Conc#0" [stack: 0x000000fac9f00000,0x000000faca000000] [id=10392]
  0x00000218eb7b4510 ConcurrentGCThread "G1 Refine#0" [stack: 0x000000faca000000,0x000000faca100000] [id=9892]
  0x00000218eb7b57f0 ConcurrentGCThread "G1 Service" [stack: 0x000000faca100000,0x000000faca200000] [id=16728]

Threads with active compile tasks:

VM state: not at safepoint (normal execution)

VM Mutex/Monitor currently owned by a thread: None

Heap address: 0x0000000082600000, size: 2010 MB, Compressed Oops mode: 32-bit

CDS archive(s) mapped at: [0x0000000800000000-0x0000000800ba0000-0x0000000800ba0000), size 12189696, SharedBaseAddress: 0x0000000800000000, ArchiveRelocationMode: 0.
Compressed class space mapped at: 0x0000000800c00000-0x0000000840c00000, reserved size: 1073741824
Narrow klass base: 0x0000000800000000, Narrow klass shift: 0, Narrow klass range: 0x100000000

GC Precious Log:
 CardTable entry size: 512
 Card Set container configuration: InlinePtr #cards 5 size 8 Array Of Cards #cards 12 size 40 Howl #buckets 4 coarsen threshold 1843 Howl Bitmap #cards 512 size 80 coarsen threshold 460 Card regions per heap region 1 cards per card region 2048
 CPUs: 12 total, 12 available
 Memory: 8039M
 Large Page Support: Disabled
 NUMA Support: Disabled
 Compressed Oops: Enabled (32-bit)
 Heap Region Size: 1M
 Heap Min Capacity: 8M
 Heap Initial Capacity: 126M
 Heap Max Capacity: 2010M
 Pre-touch: Disabled
 Parallel Workers: 10
 Concurrent Workers: 3
 Concurrent Refinement Workers: 10
 Periodic GC: Disabled

Heap:
 garbage-first heap   total 129024K, used 17408K [0x0000000082600000, 0x0000000100000000)
  region size 1024K, 18 young (18432K), 3 survivors (3072K)
 Metaspace       used 7276K, committed 7488K, reserved 1114112K
  class space    used 827K, committed 896K, reserved 1048576K

Heap Regions: E=young(eden), S=young(survivor), O=old, HS=humongous(starts), HC=humongous(continues), CS=collection set, F=free, OA=open archive, CA=closed archive, TAMS=top-at-mark-start (previous, next)
|   0|0x0000000082600000, 0x0000000082600000, 0x0000000082700000|  0%| F|  |TAMS 0x0000000082600000, 0x0000000082600000| Untracked 
|   1|0x0000000082700000, 0x0000000082700000, 0x0000000082800000|  0%| F|  |TAMS 0x0000000082700000, 0x0000000082700000| Untracked 
|   2|0x0000000082800000, 0x0000000082800000, 0x0000000082900000|  0%| F|  |TAMS 0x0000000082800000, 0x0000000082800000| Untracked 
|   3|0x0000000082900000, 0x0000000082900000, 0x0000000082a00000|  0%| F|  |TAMS 0x0000000082900000, 0x0000000082900000| Untracked 
|   4|0x0000000082a00000, 0x0000000082a00000, 0x0000000082b00000|  0%| F|  |TAMS 0x0000000082a00000, 0x0000000082a00000| Untracked 
|   5|0x0000000082b00000, 0x0000000082b00000, 0x0000000082c00000|  0%| F|  |TAMS 0x0000000082b00000, 0x0000000082b00000| Untracked 
|   6|0x0000000082c00000, 0x0000000082c00000, 0x0000000082d00000|  0%| F|  |TAMS 0x0000000082c00000, 0x0000000082c00000| Untracked 
|   7|0x0000000082d00000, 0x0000000082d00000, 0x0000000082e00000|  0%| F|  |TAMS 0x0000000082d00000, 0x0000000082d00000| Untracked 
|   8|0x0000000082e00000, 0x0000000082e00000, 0x0000000082f00000|  0%| F|  |TAMS 0x0000000082e00000, 0x0000000082e00000| Untracked 
|   9|0x0000000082f00000, 0x0000000082f00000, 0x0000000083000000|  0%| F|  |TAMS 0x0000000082f00000, 0x0000000082f00000| Untracked 
|  10|0x0000000083000000, 0x0000000083000000, 0x0000000083100000|  0%| F|  |TAMS 0x0000000083000000, 0x0000000083000000| Untracked 
|  11|0x0000000083100000, 0x0000000083100000, 0x0000000083200000|  0%| F|  |TAMS 0x0000000083100000, 0x0000000083100000| Untracked 
|  12|0x0000000083200000, 0x0000000083200000, 0x0000000083300000|  0%| F|  |TAMS 0x0000000083200000, 0x0000000083200000| Untracked 
|  13|0x0000000083300000, 0x0000000083300000, 0x0000000083400000|  0%| F|  |TAMS 0x0000000083300000, 0x0000000083300000| Untracked 
|  14|0x0000000083400000, 0x0000000083400000, 0x0000000083500000|  0%| F|  |TAMS 0x0000000083400000, 0x0000000083400000| Untracked 
|  15|0x0000000083500000, 0x0000000083500000, 0x0000000083600000|  0%| F|  |TAMS 0x0000000083500000, 0x0000000083500000| Untracked 
|  16|0x0000000083600000, 0x0000000083600000, 0x0000000083700000|  0%| F|  |TAMS 0x0000000083600000, 0x0000000083600000| Untracked 
|  17|0x0000000083700000, 0x0000000083700000, 0x0000000083800000|  0%| F|  |TAMS 0x0000000083700000, 0x0000000083700000| Untracked 
|  18|0x0000000083800000, 0x0000000083800000, 0x0000000083900000|  0%| F|  |TAMS 0x0000000083800000, 0x0000000083800000| Untracked 
|  19|0x0000000083900000, 0x0000000083900000, 0x0000000083a00000|  0%| F|  |TAMS 0x0000000083900000, 0x0000000083900000| Untracked 
|  20|0x0000000083a00000, 0x0000000083a00000, 0x0000000083b00000|  0%| F|  |TAMS 0x0000000083a00000, 0x0000000083a00000| Untracked 
|  21|0x0000000083b00000, 0x0000000083b00000, 0x0000000083c00000|  0%| F|  |TAMS 0x0000000083b00000, 0x0000000083b00000| Untracked 
|  22|0x0000000083c00000, 0x0000000083c00000, 0x0000000083d00000|  0%| F|  |TAMS 0x0000000083c00000, 0x0000000083c00000| Untracked 
|  23|0x0000000083d00000, 0x0000000083d00000, 0x0000000083e00000|  0%| F|  |TAMS 0x0000000083d00000, 0x0000000083d00000| Untracked 
|  24|0x0000000083e00000, 0x0000000083e00000, 0x0000000083f00000|  0%| F|  |TAMS 0x0000000083e00000, 0x0000000083e00000| Untracked 
|  25|0x0000000083f00000, 0x0000000083f00000, 0x0000000084000000|  0%| F|  |TAMS 0x0000000083f00000, 0x0000000083f00000| Untracked 
|  26|0x0000000084000000, 0x0000000084000000, 0x0000000084100000|  0%| F|  |TAMS 0x0000000084000000, 0x0000000084000000| Untracked 
|  27|0x0000000084100000, 0x0000000084100000, 0x0000000084200000|  0%| F|  |TAMS 0x0000000084100000, 0x0000000084100000| Untracked 
|  28|0x0000000084200000, 0x0000000084200000, 0x0000000084300000|  0%| F|  |TAMS 0x0000000084200000, 0x0000000084200000| Untracked 
|  29|0x0000000084300000, 0x0000000084300000, 0x0000000084400000|  0%| F|  |TAMS 0x0000000084300000, 0x0000000084300000| Untracked 
|  30|0x0000000084400000, 0x0000000084400000, 0x0000000084500000|  0%| F|  |TAMS 0x0000000084400000, 0x0000000084400000| Untracked 
|  31|0x0000000084500000, 0x0000000084500000, 0x0000000084600000|  0%| F|  |TAMS 0x0000000084500000, 0x0000000084500000| Untracked 
|  32|0x0000000084600000, 0x0000000084600000, 0x0000000084700000|  0%| F|  |TAMS 0x0000000084600000, 0x0000000084600000| Untracked 
|  33|0x0000000084700000, 0x0000000084700000, 0x0000000084800000|  0%| F|  |TAMS 0x0000000084700000, 0x0000000084700000| Untracked 
|  34|0x0000000084800000, 0x0000000084800000, 0x0000000084900000|  0%| F|  |TAMS 0x0000000084800000, 0x0000000084800000| Untracked 
|  35|0x0000000084900000, 0x0000000084900000, 0x0000000084a00000|  0%| F|  |TAMS 0x0000000084900000, 0x0000000084900000| Untracked 
|  36|0x0000000084a00000, 0x0000000084a00000, 0x0000000084b00000|  0%| F|  |TAMS 0x0000000084a00000, 0x0000000084a00000| Untracked 
|  37|0x0000000084b00000, 0x0000000084b00000, 0x0000000084c00000|  0%| F|  |TAMS 0x0000000084b00000, 0x0000000084b00000| Untracked 
|  38|0x0000000084c00000, 0x0000000084c00000, 0x0000000084d00000|  0%| F|  |TAMS 0x0000000084c00000, 0x0000000084c00000| Untracked 
|  39|0x0000000084d00000, 0x0000000084d00000, 0x0000000084e00000|  0%| F|  |TAMS 0x0000000084d00000, 0x0000000084d00000| Untracked 
|  40|0x0000000084e00000, 0x0000000084e00000, 0x0000000084f00000|  0%| F|  |TAMS 0x0000000084e00000, 0x0000000084e00000| Untracked 
|  41|0x0000000084f00000, 0x0000000084f00000, 0x0000000085000000|  0%| F|  |TAMS 0x0000000084f00000, 0x0000000084f00000| Untracked 
|  42|0x0000000085000000, 0x0000000085000000, 0x0000000085100000|  0%| F|  |TAMS 0x0000000085000000, 0x0000000085000000| Untracked 
|  43|0x0000000085100000, 0x0000000085100000, 0x0000000085200000|  0%| F|  |TAMS 0x0000000085100000, 0x0000000085100000| Untracked 
|  44|0x0000000085200000, 0x0000000085200000, 0x0000000085300000|  0%| F|  |TAMS 0x0000000085200000, 0x0000000085200000| Untracked 
|  45|0x0000000085300000, 0x0000000085300000, 0x0000000085400000|  0%| F|  |TAMS 0x0000000085300000, 0x0000000085300000| Untracked 
|  46|0x0000000085400000, 0x0000000085400000, 0x0000000085500000|  0%| F|  |TAMS 0x0000000085400000, 0x0000000085400000| Untracked 
|  47|0x0000000085500000, 0x0000000085500000, 0x0000000085600000|  0%| F|  |TAMS 0x0000000085500000, 0x0000000085500000| Untracked 
|  48|0x0000000085600000, 0x0000000085600000, 0x0000000085700000|  0%| F|  |TAMS 0x0000000085600000, 0x0000000085600000| Untracked 
|  49|0x0000000085700000, 0x0000000085700000, 0x0000000085800000|  0%| F|  |TAMS 0x0000000085700000, 0x0000000085700000| Untracked 
|  50|0x0000000085800000, 0x0000000085800000, 0x0000000085900000|  0%| F|  |TAMS 0x0000000085800000, 0x0000000085800000| Untracked 
|  51|0x0000000085900000, 0x0000000085900000, 0x0000000085a00000|  0%| F|  |TAMS 0x0000000085900000, 0x0000000085900000| Untracked 
|  52|0x0000000085a00000, 0x0000000085a00000, 0x0000000085b00000|  0%| F|  |TAMS 0x0000000085a00000, 0x0000000085a00000| Untracked 
|  53|0x0000000085b00000, 0x0000000085b00000, 0x0000000085c00000|  0%| F|  |TAMS 0x0000000085b00000, 0x0000000085b00000| Untracked 
|  54|0x0000000085c00000, 0x0000000085c00000, 0x0000000085d00000|  0%| F|  |TAMS 0x0000000085c00000, 0x0000000085c00000| Untracked 
|  55|0x0000000085d00000, 0x0000000085d00000, 0x0000000085e00000|  0%| F|  |TAMS 0x0000000085d00000, 0x0000000085d00000| Untracked 
|  56|0x0000000085e00000, 0x0000000085e00000, 0x0000000085f00000|  0%| F|  |TAMS 0x0000000085e00000, 0x0000000085e00000| Untracked 
|  57|0x0000000085f00000, 0x0000000085f00000, 0x0000000086000000|  0%| F|  |TAMS 0x0000000085f00000, 0x0000000085f00000| Untracked 
|  58|0x0000000086000000, 0x0000000086000000, 0x0000000086100000|  0%| F|  |TAMS 0x0000000086000000, 0x0000000086000000| Untracked 
|  59|0x0000000086100000, 0x0000000086100000, 0x0000000086200000|  0%| F|  |TAMS 0x0000000086100000, 0x0000000086100000| Untracked 
|  60|0x0000000086200000, 0x0000000086200000, 0x0000000086300000|  0%| F|  |TAMS 0x0000000086200000, 0x0000000086200000| Untracked 
|  61|0x0000000086300000, 0x0000000086300000, 0x0000000086400000|  0%| F|  |TAMS 0x0000000086300000, 0x0000000086300000| Untracked 
|  62|0x0000000086400000, 0x0000000086400000, 0x0000000086500000|  0%| F|  |TAMS 0x0000000086400000, 0x0000000086400000| Untracked 
|  63|0x0000000086500000, 0x0000000086500000, 0x0000000086600000|  0%| F|  |TAMS 0x0000000086500000, 0x0000000086500000| Untracked 
|  64|0x0000000086600000, 0x0000000086600000, 0x0000000086700000|  0%| F|  |TAMS 0x0000000086600000, 0x0000000086600000| Untracked 
|  65|0x0000000086700000, 0x0000000086700000, 0x0000000086800000|  0%| F|  |TAMS 0x0000000086700000, 0x0000000086700000| Untracked 
|  66|0x0000000086800000, 0x0000000086800000, 0x0000000086900000|  0%| F|  |TAMS 0x0000000086800000, 0x0000000086800000| Untracked 
|  67|0x0000000086900000, 0x0000000086900000, 0x0000000086a00000|  0%| F|  |TAMS 0x0000000086900000, 0x0000000086900000| Untracked 
|  68|0x0000000086a00000, 0x0000000086a00000, 0x0000000086b00000|  0%| F|  |TAMS 0x0000000086a00000, 0x0000000086a00000| Untracked 
|  69|0x0000000086b00000, 0x0000000086b00000, 0x0000000086c00000|  0%| F|  |TAMS 0x0000000086b00000, 0x0000000086b00000| Untracked 
|  70|0x0000000086c00000, 0x0000000086c00000, 0x0000000086d00000|  0%| F|  |TAMS 0x0000000086c00000, 0x0000000086c00000| Untracked 
|  71|0x0000000086d00000, 0x0000000086d00000, 0x0000000086e00000|  0%| F|  |TAMS 0x0000000086d00000, 0x0000000086d00000| Untracked 
|  72|0x0000000086e00000, 0x0000000086e00000, 0x0000000086f00000|  0%| F|  |TAMS 0x0000000086e00000, 0x0000000086e00000| Untracked 
|  73|0x0000000086f00000, 0x0000000086f00000, 0x0000000087000000|  0%| F|  |TAMS 0x0000000086f00000, 0x0000000086f00000| Untracked 
|  74|0x0000000087000000, 0x0000000087000000, 0x0000000087100000|  0%| F|  |TAMS 0x0000000087000000, 0x0000000087000000| Untracked 
|  75|0x0000000087100000, 0x0000000087100000, 0x0000000087200000|  0%| F|  |TAMS 0x0000000087100000, 0x0000000087100000| Untracked 
|  76|0x0000000087200000, 0x0000000087200000, 0x0000000087300000|  0%| F|  |TAMS 0x0000000087200000, 0x0000000087200000| Untracked 
|  77|0x0000000087300000, 0x0000000087300000, 0x0000000087400000|  0%| F|  |TAMS 0x0000000087300000, 0x0000000087300000| Untracked 
|  78|0x0000000087400000, 0x0000000087400000, 0x0000000087500000|  0%| F|  |TAMS 0x0000000087400000, 0x0000000087400000| Untracked 
|  79|0x0000000087500000, 0x0000000087500000, 0x0000000087600000|  0%| F|  |TAMS 0x0000000087500000, 0x0000000087500000| Untracked 
|  80|0x0000000087600000, 0x0000000087600000, 0x0000000087700000|  0%| F|  |TAMS 0x0000000087600000, 0x0000000087600000| Untracked 
|  81|0x0000000087700000, 0x0000000087700000, 0x0000000087800000|  0%| F|  |TAMS 0x0000000087700000, 0x0000000087700000| Untracked 
|  82|0x0000000087800000, 0x0000000087800000, 0x0000000087900000|  0%| F|  |TAMS 0x0000000087800000, 0x0000000087800000| Untracked 
|  83|0x0000000087900000, 0x0000000087900000, 0x0000000087a00000|  0%| F|  |TAMS 0x0000000087900000, 0x0000000087900000| Untracked 
|  84|0x0000000087a00000, 0x0000000087a00000, 0x0000000087b00000|  0%| F|  |TAMS 0x0000000087a00000, 0x0000000087a00000| Untracked 
|  85|0x0000000087b00000, 0x0000000087b00000, 0x0000000087c00000|  0%| F|  |TAMS 0x0000000087b00000, 0x0000000087b00000| Untracked 
|  86|0x0000000087c00000, 0x0000000087c00000, 0x0000000087d00000|  0%| F|  |TAMS 0x0000000087c00000, 0x0000000087c00000| Untracked 
|  87|0x0000000087d00000, 0x0000000087d00000, 0x0000000087e00000|  0%| F|  |TAMS 0x0000000087d00000, 0x0000000087d00000| Untracked 
|  88|0x0000000087e00000, 0x0000000087e00000, 0x0000000087f00000|  0%| F|  |TAMS 0x0000000087e00000, 0x0000000087e00000| Untracked 
|  89|0x0000000087f00000, 0x0000000087f00000, 0x0000000088000000|  0%| F|  |TAMS 0x0000000087f00000, 0x0000000087f00000| Untracked 
|  90|0x0000000088000000, 0x0000000088000000, 0x0000000088100000|  0%| F|  |TAMS 0x0000000088000000, 0x0000000088000000| Untracked 
|  91|0x0000000088100000, 0x0000000088100000, 0x0000000088200000|  0%| F|  |TAMS 0x0000000088100000, 0x0000000088100000| Untracked 
|  92|0x0000000088200000, 0x0000000088200000, 0x0000000088300000|  0%| F|  |TAMS 0x0000000088200000, 0x0000000088200000| Untracked 
|  93|0x0000000088300000, 0x0000000088300000, 0x0000000088400000|  0%| F|  |TAMS 0x0000000088300000, 0x0000000088300000| Untracked 
|  94|0x0000000088400000, 0x0000000088400000, 0x0000000088500000|  0%| F|  |TAMS 0x0000000088400000, 0x0000000088400000| Untracked 
|  95|0x0000000088500000, 0x0000000088500000, 0x0000000088600000|  0%| F|  |TAMS 0x0000000088500000, 0x0000000088500000| Untracked 
|  96|0x0000000088600000, 0x0000000088600000, 0x0000000088700000|  0%| F|  |TAMS 0x0000000088600000, 0x0000000088600000| Untracked 
|  97|0x0000000088700000, 0x0000000088700000, 0x0000000088800000|  0%| F|  |TAMS 0x0000000088700000, 0x0000000088700000| Untracked 
|  98|0x0000000088800000, 0x0000000088800000, 0x0000000088900000|  0%| F|  |TAMS 0x0000000088800000, 0x0000000088800000| Untracked 
|  99|0x0000000088900000, 0x0000000088900000, 0x0000000088a00000|  0%| F|  |TAMS 0x0000000088900000, 0x0000000088900000| Untracked 
| 100|0x0000000088a00000, 0x0000000088b00000, 0x0000000088b00000|100%| S|CS|TAMS 0x0000000088a00000, 0x0000000088a00000| Complete 
| 101|0x0000000088b00000, 0x0000000088c00000, 0x0000000088c00000|100%| S|CS|TAMS 0x0000000088b00000, 0x0000000088b00000| Complete 
| 102|0x0000000088c00000, 0x0000000088d00000, 0x0000000088d00000|100%| S|CS|TAMS 0x0000000088c00000, 0x0000000088c00000| Complete 
| 103|0x0000000088d00000, 0x0000000088d00000, 0x0000000088e00000|  0%| F|  |TAMS 0x0000000088d00000, 0x0000000088d00000| Untracked 
| 104|0x0000000088e00000, 0x0000000088e00000, 0x0000000088f00000|  0%| F|  |TAMS 0x0000000088e00000, 0x0000000088e00000| Untracked 
| 105|0x0000000088f00000, 0x0000000088f00000, 0x0000000089000000|  0%| F|  |TAMS 0x0000000088f00000, 0x0000000088f00000| Untracked 
| 106|0x0000000089000000, 0x0000000089000000, 0x0000000089100000|  0%| F|  |TAMS 0x0000000089000000, 0x0000000089000000| Untracked 
| 107|0x0000000089100000, 0x0000000089100000, 0x0000000089200000|  0%| F|  |TAMS 0x0000000089100000, 0x0000000089100000| Untracked 
| 108|0x0000000089200000, 0x0000000089200000, 0x0000000089300000|  0%| F|  |TAMS 0x0000000089200000, 0x0000000089200000| Untracked 
| 109|0x0000000089300000, 0x0000000089300000, 0x0000000089400000|  0%| F|  |TAMS 0x0000000089300000, 0x0000000089300000| Untracked 
| 110|0x0000000089400000, 0x0000000089400000, 0x0000000089500000|  0%| F|  |TAMS 0x0000000089400000, 0x0000000089400000| Untracked 
| 111|0x0000000089500000, 0x0000000089534718, 0x0000000089600000| 20%| E|  |TAMS 0x0000000089500000, 0x0000000089500000| Complete 
| 112|0x0000000089600000, 0x0000000089700000, 0x0000000089700000|100%| E|CS|TAMS 0x0000000089600000, 0x0000000089600000| Complete 
| 113|0x0000000089700000, 0x0000000089800000, 0x0000000089800000|100%| E|CS|TAMS 0x0000000089700000, 0x0000000089700000| Complete 
| 114|0x0000000089800000, 0x0000000089900000, 0x0000000089900000|100%| E|CS|TAMS 0x0000000089800000, 0x0000000089800000| Complete 
| 115|0x0000000089900000, 0x0000000089a00000, 0x0000000089a00000|100%| E|CS|TAMS 0x0000000089900000, 0x0000000089900000| Complete 
| 116|0x0000000089a00000, 0x0000000089b00000, 0x0000000089b00000|100%| E|CS|TAMS 0x0000000089a00000, 0x0000000089a00000| Complete 
| 117|0x0000000089b00000, 0x0000000089c00000, 0x0000000089c00000|100%| E|CS|TAMS 0x0000000089b00000, 0x0000000089b00000| Complete 
| 118|0x0000000089c00000, 0x0000000089d00000, 0x0000000089d00000|100%| E|CS|TAMS 0x0000000089c00000, 0x0000000089c00000| Complete 
| 119|0x0000000089d00000, 0x0000000089e00000, 0x0000000089e00000|100%| E|CS|TAMS 0x0000000089d00000, 0x0000000089d00000| Complete 
| 120|0x0000000089e00000, 0x0000000089f00000, 0x0000000089f00000|100%| E|CS|TAMS 0x0000000089e00000, 0x0000000089e00000| Complete 
| 121|0x0000000089f00000, 0x000000008a000000, 0x000000008a000000|100%| E|CS|TAMS 0x0000000089f00000, 0x0000000089f00000| Complete 
| 122|0x000000008a000000, 0x000000008a100000, 0x000000008a100000|100%| E|CS|TAMS 0x000000008a000000, 0x000000008a000000| Complete 
| 123|0x000000008a100000, 0x000000008a200000, 0x000000008a200000|100%| E|CS|TAMS 0x000000008a100000, 0x000000008a100000| Complete 
| 124|0x000000008a200000, 0x000000008a300000, 0x000000008a300000|100%| E|CS|TAMS 0x000000008a200000, 0x000000008a200000| Complete 
| 125|0x000000008a300000, 0x000000008a400000, 0x000000008a400000|100%| E|CS|TAMS 0x000000008a300000, 0x000000008a300000| Complete 

Card table byte_map: [0x00000218e4640000,0x00000218e4a30000] _byte_map_base: 0x00000218e422d000

Marking Bits (Prev, Next): (CMBitMap*) 0x00000218cd437920, (CMBitMap*) 0x00000218cd437960
 Prev Bits: [0x00000218e4e20000, 0x00000218e6d88000)
 Next Bits: [0x00000218e6d90000, 0x00000218e8cf8000)

Polling page: 0x00000218cb340000

Metaspace:

Usage:
  Non-class:      6.30 MB used.
      Class:    827.78 KB used.
       Both:      7.11 MB used.

Virtual space:
  Non-class space:       64.00 MB reserved,       6.44 MB ( 10%) committed,  1 nodes.
      Class space:        1.00 GB reserved,     896.00 KB ( <1%) committed,  1 nodes.
             Both:        1.06 GB reserved,       7.31 MB ( <1%) committed. 

Chunk freelists:
   Non-Class:  1.61 MB
       Class:  3.16 MB
        Both:  4.77 MB

MaxMetaspaceSize: unlimited
CompressedClassSpaceSize: 1.00 GB
Initial GC threshold: 21.00 MB
Current GC threshold: 21.00 MB
CDS: on
MetaspaceReclaimPolicy: balanced
 - commit_granule_bytes: 65536.
 - commit_granule_words: 8192.
 - virtual_space_node_default_size: 8388608.
 - enlarge_chunks_in_place: 1.
 - new_chunks_are_fully_committed: 0.
 - uncommit_free_chunks: 1.
 - use_allocation_guard: 0.


Internal statistics:

num_allocs_failed_limit: 0.
num_arena_births: 114.
num_arena_deaths: 0.
num_vsnodes_births: 2.
num_vsnodes_deaths: 0.
num_space_committed: 117.
num_space_uncommitted: 0.
num_chunks_returned_to_freelist: 0.
num_chunks_taken_from_freelist: 300.
num_chunk_merges: 0.
num_chunk_splits: 164.
num_chunks_enlarged: 109.
num_inconsistent_stats: 0.

CodeHeap 'non-profiled nmethods': size=120000Kb used=492Kb max_used=492Kb free=119507Kb
 bounds [0x00000218dc7d0000, 0x00000218dca40000, 0x00000218e3d00000]
CodeHeap 'profiled nmethods': size=120000Kb used=2808Kb max_used=2808Kb free=117192Kb
 bounds [0x00000218d52a0000, 0x00000218d5560000, 0x00000218dc7d0000]
CodeHeap 'non-nmethods': size=5760Kb used=1242Kb max_used=1263Kb free=4517Kb
 bounds [0x00000218d4d00000, 0x00000218d4f70000, 0x00000218d52a0000]
 total_blobs=1885 nmethods=1427 adapters=371
 compilation: enabled
              stopped_count=0, restarted_count=0
 full_count=0

Compilation events (20 events):
Event: 1.334 Thread 0x00000218eb92cfd0 nmethod 1419 0x00000218d555b610 code [0x00000218d555b7e0, 0x00000218d555bbb8]
Event: 1.343 Thread 0x00000218eb92bac0 nmethod 1409 0x00000218dc849010 code [0x00000218dc8491a0, 0x00000218dc849818]
Event: 1.344 Thread 0x00000218eb92cfd0 1421       3       org.eclipse.jdt.launching.internal.org.objectweb.asm.SymbolTable::addConstantUtf8Reference (20 bytes)
Event: 1.345 Thread 0x00000218eb92cfd0 nmethod 1421 0x00000218d555bd10 code [0x00000218d555bee0, 0x00000218d555c1a8]
Event: 1.345 Thread 0x00000218eb92cfd0 1422       3       java.lang.Module::allows (60 bytes)
Event: 1.346 Thread 0x00000218eb92cfd0 nmethod 1422 0x00000218d555c390 code [0x00000218d555c580, 0x00000218d555cbc8]
Event: 1.346 Thread 0x00000218eb92cfd0 1423       3       java.util.stream.ReferencePipeline$StatelessOp::<init> (29 bytes)
Event: 1.346 Thread 0x00000218eb92cfd0 nmethod 1423 0x00000218d555cd10 code [0x00000218d555cec0, 0x00000218d555d088]
Event: 1.346 Thread 0x00000218eb92cfd0 1424       3       java.util.stream.Sink$ChainedReference::end (10 bytes)
Event: 1.346 Thread 0x00000218eb92cfd0 nmethod 1424 0x00000218d555d190 code [0x00000218d555d340, 0x00000218d555d528]
Event: 1.347 Thread 0x00000218eb92cfd0 1425       3       jdk.internal.misc.Unsafe::getAndAddInt (27 bytes)
Event: 1.347 Thread 0x00000218eb92cfd0 nmethod 1425 0x00000218d555d610 code [0x00000218d555d7c0, 0x00000218d555da08]
Event: 1.352 Thread 0x00000218eff07410 1426       4       org.eclipse.jdt.launching.internal.org.objectweb.asm.ClassReader::readUtf (161 bytes)
Event: 1.366 Thread 0x00000218eff07410 nmethod 1426 0x00000218dc849c10 code [0x00000218dc849dc0, 0x00000218dc84a898]
Event: 434.547 Thread 0x00000218eb92cfd0 1427       3       org.eclipse.jdt.launching.internal.org.objectweb.asm.ByteVector::putByte (39 bytes)
Event: 434.548 Thread 0x00000218eb92cfd0 nmethod 1427 0x00000218d555db10 code [0x00000218d555dcc0, 0x00000218d555dea8]
Event: 434.548 Thread 0x00000218eb92cfd0 1428       3       org.eclipse.jdt.launching.internal.org.objectweb.asm.SymbolTable::put (150 bytes)
Event: 434.556 Thread 0x00000218eb92cfd0 

Event: 587.062 Thread 0x00000218eb92bac0 1429       4       org.eclipse.jdt.launching.internal.org.objectweb.asm.ByteVector::putByteArray (49 bytes)
Event: 587.071 Thread 0x00000218eb92bac0 


GC Heap History (2 events):
Event: 0.970 GC heap before
{Heap before GC invocations=0 (full 0):
 garbage-first heap   total 129024K, used 23552K [0x0000000082600000, 0x0000000100000000)
  region size 1024K, 23 young (23552K), 0 survivors (0K)
 Metaspace       used 5319K, committed 5504K, reserved 1114112K
  class space    used 550K, committed 640K, reserved 1048576K
}
Event: 0.975 GC heap after
{Heap after GC invocations=1 (full 0):
 garbage-first heap   total 129024K, used 3072K [0x0000000082600000, 0x0000000100000000)
  region size 1024K, 3 young (3072K), 3 survivors (3072K)
 Metaspace       used 5319K, committed 5504K, reserved 1114112K
  class space    used 550K, committed 640K, reserved 1048576K
}

Deoptimization events (20 events):
Event: 1.319 Thread 0x00000218cd3d4ff0 Uncommon trap: trap_request=0xffffff45 fr.pc=0x00000218dc802ce8 relative=0x00000000000005a8
Event: 1.319 Thread 0x00000218cd3d4ff0 Uncommon trap: reason=unstable_if action=reinterpret pc=0x00000218dc802ce8 method=org.eclipse.jdt.launching.internal.org.objectweb.asm.ClassReader.readUtf(II[C)Ljava/lang/String; @ 41 c2
Event: 1.319 Thread 0x00000218cd3d4ff0 DEOPT PACKING pc=0x00000218dc802ce8 sp=0x000000fac9cfa1d0
Event: 1.319 Thread 0x00000218cd3d4ff0 DEOPT UNPACKING pc=0x00000218d4d523a3 sp=0x000000fac9cfa1b8 mode 2
Event: 1.319 Thread 0x00000218cd3d4ff0 Uncommon trap: trap_request=0xffffff45 fr.pc=0x00000218dc83c520 relative=0x0000000000000600
Event: 1.319 Thread 0x00000218cd3d4ff0 Uncommon trap: reason=unstable_if action=reinterpret pc=0x00000218dc83c520 method=java.lang.String.hashCode()I @ 20 c2
Event: 1.319 Thread 0x00000218cd3d4ff0 DEOPT PACKING pc=0x00000218dc83c520 sp=0x000000fac9cfa270
Event: 1.319 Thread 0x00000218cd3d4ff0 DEOPT UNPACKING pc=0x00000218d4d523a3 sp=0x000000fac9cfa150 mode 2
Event: 1.319 Thread 0x00000218cd3d4ff0 Uncommon trap: trap_request=0xffffff45 fr.pc=0x00000218dc7d7ebc relative=0x000000000000009c
Event: 1.319 Thread 0x00000218cd3d4ff0 Uncommon trap: reason=unstable_if action=reinterpret pc=0x00000218dc7d7ebc method=java.lang.String.isLatin1()Z @ 10 c2
Event: 1.320 Thread 0x00000218cd3d4ff0 DEOPT PACKING pc=0x00000218dc7d7ebc sp=0x000000fac9cfa1c0
Event: 1.320 Thread 0x00000218cd3d4ff0 DEOPT UNPACKING pc=0x00000218d4d523a3 sp=0x000000fac9cfa0f0 mode 2
Event: 1.320 Thread 0x00000218cd3d4ff0 Uncommon trap: trap_request=0xffffff45 fr.pc=0x00000218dc7de0e0 relative=0x0000000000000060
Event: 1.320 Thread 0x00000218cd3d4ff0 Uncommon trap: reason=unstable_if action=reinterpret pc=0x00000218dc7de0e0 method=java.lang.String.isLatin1()Z @ 10 c2
Event: 1.320 Thread 0x00000218cd3d4ff0 DEOPT PACKING pc=0x00000218dc7de0e0 sp=0x000000fac9cfa140
Event: 1.320 Thread 0x00000218cd3d4ff0 DEOPT UNPACKING pc=0x00000218d4d523a3 sp=0x000000fac9cfa0e0 mode 2
Event: 1.324 Thread 0x00000218cd3d4ff0 Uncommon trap: trap_request=0xffffff45 fr.pc=0x00000218dc7e72c8 relative=0x0000000000000048
Event: 1.324 Thread 0x00000218cd3d4ff0 Uncommon trap: reason=unstable_if action=reinterpret pc=0x00000218dc7e72c8 method=java.lang.CharacterData.of(I)Ljava/lang/CharacterData; @ 4 c2
Event: 1.324 Thread 0x00000218cd3d4ff0 DEOPT PACKING pc=0x00000218dc7e72c8 sp=0x000000fac9cfbab0
Event: 1.324 Thread 0x00000218cd3d4ff0 DEOPT UNPACKING pc=0x00000218d4d523a3 sp=0x000000fac9cfba50 mode 2

Classes loaded (20 events):
Event: 1.279 Loading class java/util/stream/SpinedBuffer
Event: 1.279 Loading class java/util/stream/AbstractSpinedBuffer
Event: 1.279 Loading class java/util/stream/AbstractSpinedBuffer done
Event: 1.279 Loading class java/util/stream/SpinedBuffer done
Event: 1.279 Loading class java/util/function/BooleanSupplier
Event: 1.279 Loading class java/util/function/BooleanSupplier done
Event: 1.300 Loading class java/util/ArrayList$ListItr
Event: 1.300 Loading class java/util/ArrayList$ListItr done
Event: 1.308 Loading class sun/nio/ch/IOStatus
Event: 1.308 Loading class sun/nio/ch/IOStatus done
Event: 1.312 Loading class java/util/AbstractList$ListItr
Event: 1.312 Loading class java/util/AbstractList$Itr
Event: 1.312 Loading class java/util/AbstractList$Itr done
Event: 1.312 Loading class java/util/AbstractList$ListItr done
Event: 1.320 Loading class java/time/format/DateTimeParseException
Event: 1.321 Loading class java/time/DateTimeException
Event: 1.321 Loading class java/time/DateTimeException done
Event: 1.321 Loading class java/time/format/DateTimeParseException done
Event: 1.327 Loading class java/util/concurrent/atomic/AtomicReference
Event: 1.328 Loading class java/util/concurrent/atomic/AtomicReference done

Classes unloaded (0 events):
No events

Classes redefined (13 events):
Event: 329.379 Thread 0x00000218cd45c810 redefined class name=telran.util.LinkedList, count=1
Event: 329.379 Thread 0x00000218cd45c810 redefined class name=telran.util.LinkedList$Node, count=1
Event: 434.551 Thread 0x00000218cd45c810 redefined class name=telran.util.LinkedList, count=2
Event: 434.551 Thread 0x00000218cd45c810 redefined class name=telran.util.LinkedList$Node, count=2
Event: 587.066 Thread 0x00000218cd45c810 redefined class name=telran.util.LinkedList, count=3
Event: 587.066 Thread 0x00000218cd45c810 redefined class name=telran.util.LinkedList$Node, count=3
Event: 626.673 Thread 0x00000218cd45c810 redefined class name=telran.util.LinkedList, count=4
Event: 626.673 Thread 0x00000218cd45c810 redefined class name=telran.util.LinkedList$Node, count=4
Event: 789.313 Thread 0x00000218cd45c810 redefined class name=telran.util.LinkedList, count=5
Event: 789.313 Thread 0x00000218cd45c810 redefined class name=telran.util.LinkedList$Node, count=5
Event: 821.007 Thread 0x00000218cd45c810 redefined class name=telran.util.test.ListTest, count=1
Event: 842.546 Thread 0x00000218cd45c810 redefined class name=telran.util.LinkedList, count=6
Event: 842.546 Thread 0x00000218cd45c810 redefined class name=telran.util.LinkedList$Node, count=6

Internal exceptions (20 events):
Event: 0.961 Thread 0x00000218cd3d4ff0 Exception <a 'java/lang/IncompatibleClassChangeError'{0x0000000088dc64b8}: Found class java.lang.Object, but interface was expected> (0x0000000088dc64b8) 
thrown [s\open\src\hotspot\share\interpreter\linkResolver.cpp, line 833]
Event: 0.989 Thread 0x00000218cd3d4ff0 Exception <a 'java/lang/NoSuchMethodError'{0x000000008a3608a0}: 'void java.lang.invoke.DirectMethodHandle$Holder.invokeSpecial(java.lang.Object, java.lang.Object, java.lang.Object, java.lang.Object, java.lang.Object)'> (0x000000008a3608a0) 
thrown [s\open\src\hotspot\share\interpreter\linkResolver.cpp, line 766]
Event: 1.025 Thread 0x00000218cd3d4ff0 Exception <a 'java/lang/NoSuchMethodError'{0x000000008a171b28}: 'java.lang.Object java.lang.invoke.DirectMethodHandle$Holder.invokeStaticInit(java.lang.Object)'> (0x000000008a171b28) 
thrown [s\open\src\hotspot\share\interpreter\linkResolver.cpp, line 766]
Event: 1.080 Thread 0x00000218cd3d4ff0 Exception <a 'java/lang/NoSuchMethodError'{0x0000000089ff6208}: 'long java.lang.invoke.DirectMethodHandle$Holder.invokeSpecial(java.lang.Object, java.lang.Object)'> (0x0000000089ff6208) 
thrown [s\open\src\hotspot\share\interpreter\linkResolver.cpp, line 766]
Event: 1.080 Thread 0x00000218cd3d4ff0 Exception <a 'java/lang/NoSuchMethodError'{0x0000000089ff99b8}: 'long java.lang.invoke.Invokers$Holder.invokeExact_MT(java.lang.Object, java.lang.Object)'> (0x0000000089ff99b8) 
thrown [s\open\src\hotspot\share\interpreter\linkResolver.cpp, line 766]
Event: 1.109 Thread 0x00000218cd3d4ff0 Exception <a 'java/lang/NoSuchMethodError'{0x0000000089eb63a0}: 'void java.lang.invoke.DirectMethodHandle$Holder.invokeInterface(java.lang.Object, java.lang.Object, java.lang.Object, java.lang.Object)'> (0x0000000089eb63a0) 
thrown [s\open\src\hotspot\share\interpreter\linkResolver.cpp, line 766]
Event: 1.110 Thread 0x00000218cd3d4ff0 Exception <a 'java/lang/IncompatibleClassChangeError'{0x0000000089eb9ae8}: Found class java.lang.Object, but interface was expected> (0x0000000089eb9ae8) 
thrown [s\open\src\hotspot\share\interpreter\linkResolver.cpp, line 833]
Event: 1.121 Thread 0x00000218cd3d4ff0 Exception <a 'java/lang/NoSuchMethodError'{0x0000000089d0a400}: 'void java.lang.invoke.DirectMethodHandle$Holder.invokeStatic(java.lang.Object, java.lang.Object, java.lang.Object, java.lang.Object)'> (0x0000000089d0a400) 
thrown [s\open\src\hotspot\share\interpreter\linkResolver.cpp, line 766]
Event: 1.143 Thread 0x00000218cd3d4ff0 Exception <a 'java/lang/NoSuchMethodError'{0x0000000089dd5cc8}: 'java.lang.Object java.lang.invoke.Invokers$Holder.invokeExact_MT(java.lang.Object, java.lang.Object, java.lang.Object, java.lang.Object, java.lang.Object, java.lang.Object)'> (0x0000000089dd5cc8) 
thrown [s\open\src\hotspot\share\interpreter\linkResolver.cpp, line 766]
Event: 1.149 Thread 0x00000218cd3d4ff0 Exception <a 'java/lang/NoSuchMethodError'{0x0000000089de6050}: 'int java.lang.invoke.DirectMethodHandle$Holder.invokeStatic(java.lang.Object, java.lang.Object, java.lang.Object, java.lang.Object, java.lang.Object)'> (0x0000000089de6050) 
thrown [s\open\src\hotspot\share\interpreter\linkResolver.cpp, line 766]
Event: 1.164 Thread 0x00000218cd3d4ff0 Exception <a 'java/lang/NoSuchMethodError'{0x0000000089c6e410}: 'void java.lang.invoke.DirectMethodHandle$Holder.invokeStaticInit(java.lang.Object)'> (0x0000000089c6e410) 
thrown [s\open\src\hotspot\share\interpreter\linkResolver.cpp, line 766]
Event: 1.229 Thread 0x00000218cd3d4ff0 Exception <a 'java/lang/NoSuchMethodError'{0x0000000089add7e8}: 'int java.lang.invoke.DirectMethodHandle$Holder.invokeStaticInit(java.lang.Object, java.lang.Object)'> (0x0000000089add7e8) 
thrown [s\open\src\hotspot\share\interpreter\linkResolver.cpp, line 766]
Event: 1.291 Thread 0x00000218cd3d4ff0 Exception <a 'java/lang/NoSuchMethodError'{0x000000008985e858}: 'java.lang.Object java.lang.invoke.DirectMethodHandle$Holder.newInvokeSpecial(java.lang.Object, java.lang.Object, java.lang.Object, java.lang.Object, java.lang.Object, java.lang.Object, java.lang.Object)'> (0x000000008985e858) 
thrown [s\open\src\hotspot\share\interpreter\linkResolver.cpp, line 766]
Event: 1.291 Thread 0x00000218cd3d4ff0 Exception <a 'java/lang/NoSuchMethodError'{0x0000000089863418}: 'java.lang.Object java.lang.invoke.Invokers$Holder.linkToTargetMethod(java.lang.Object, java.lang.Object, java.lang.Object, java.lang.Object, java.lang.Object, java.lang.Object, java.lang.Object)'> (0x0000000089863418) 
thrown [s\open\src\hotspot\share\interpreter\linkResolver.cpp, line 766]
Event: 1.295 Thread 0x00000218cd3d4ff0 Exception <a 'java/lang/NoSuchMethodError'{0x0000000089878e40}: 'java.lang.Object java.lang.invoke.DirectMethodHandle$Holder.invokeInterface(java.lang.Object, java.lang.Object, java.lang.Object, java.lang.Object, java.lang.Object)'> (0x0000000089878e40) 
thrown [s\open\src\hotspot\share\interpreter\linkResolver.cpp, line 766]
Event: 1.296 Thread 0x00000218cd3d4ff0 Exception <a 'java/lang/IncompatibleClassChangeError'{0x000000008987cc38}: Found class java.lang.Object, but interface was expected> (0x000000008987cc38) 
thrown [s\open\src\hotspot\share\interpreter\linkResolver.cpp, line 833]
Event: 1.303 Thread 0x00000218cd3d4ff0 Exception <a 'java/lang/NoSuchMethodError'{0x00000000898f0200}: 'java.lang.Object java.lang.invoke.DirectMethodHandle$Holder.newInvokeSpecial(java.lang.Object, java.lang.Object, java.lang.Object, java.lang.Object, java.lang.Object, java.lang.Object)'> (0x00000000898f0200) 
thrown [s\open\src\hotspot\share\interpreter\linkResolver.cpp, line 766]
Event: 1.306 Thread 0x00000218cd3d4ff0 Exception <a 'java/lang/NoSuchMethodError'{0x0000000089708270}: 'int java.lang.invoke.DirectMethodHandle$Holder.invokeInterface(java.lang.Object, java.lang.Object)'> (0x0000000089708270) 
thrown [s\open\src\hotspot\share\interpreter\linkResolver.cpp, line 766]
Event: 1.311 Thread 0x00000218cd3d4ff0 Exception <a 'java/lang/IncompatibleClassChangeError'{0x000000008972fec0}: Found class java.lang.Object, but interface was expected> (0x000000008972fec0) 
thrown [s\open\src\hotspot\share\interpreter\linkResolver.cpp, line 833]
Event: 1.330 Thread 0x00000218cd3d4ff0 Exception <a 'java/lang/NoSuchMethodError'{0x00000000897cc168}: 'void java.lang.invoke.DirectMethodHandle$Holder.invokeVirtual(java.lang.Object, java.lang.Object)'> (0x00000000897cc168) 
thrown [s\open\src\hotspot\share\interpreter\linkResolver.cpp, line 766]

VM Operations (20 events):
Event: 797.971 Executing VM operation: get/set locals
Event: 797.971 Executing VM operation: get/set locals done
Event: 797.972 Executing VM operation: get/set locals
Event: 797.972 Executing VM operation: get/set locals done
Event: 797.973 Executing VM operation: get/set locals
Event: 797.973 Executing VM operation: get/set locals done
Event: 797.974 Executing VM operation: get/set locals
Event: 797.975 Executing VM operation: get/set locals done
Event: 821.004 Executing VM operation: RedefineClasses
Event: 821.012 Executing VM operation: RedefineClasses done
Event: 821.023 Executing VM operation: ChangeBreakpoints
Event: 821.024 Executing VM operation: ChangeBreakpoints done
Event: 821.034 Executing VM operation: ChangeBreakpoints
Event: 821.035 Executing VM operation: ChangeBreakpoints done
Event: 821.382 Executing VM operation: get/set locals
Event: 821.382 Executing VM operation: get/set locals done
Event: 842.544 Executing VM operation: RedefineClasses
Event: 842.551 Executing VM operation: RedefineClasses done
Event: 842.564 Executing VM operation: ChangeBreakpoints
Event: 842.565 Executing VM operation: ChangeBreakpoints done

Events (20 events):
Event: 0.061 Thread 0x00000218eb92bac0 Thread added: 0x00000218eb92bac0
Event: 0.061 Thread 0x00000218eb92cfd0 Thread added: 0x00000218eb92cfd0
Event: 0.061 Thread 0x00000218eb92d4d0 Thread added: 0x00000218eb92d4d0
Event: 0.099 Thread 0x00000218eb8e9700 Thread added: 0x00000218eb8e9700
Event: 0.132 Thread 0x00000218efcd5ad0 Thread added: 0x00000218efcd5ad0
Event: 0.132 Thread 0x00000218efe06b90 Thread added: 0x00000218efe06b90
Event: 0.133 Thread 0x00000218efe09380 Thread added: 0x00000218efe09380
Event: 0.215 Loaded shared library C:\Program Files\Java\jdk-18.0.1.1\bin\zip.dll
Event: 0.219 Loaded shared library C:\Program Files\Java\jdk-18.0.1.1\bin\instrument.dll
Event: 0.225 Loaded shared library C:\Program Files\Java\jdk-18.0.1.1\bin\net.dll
Event: 0.226 Loaded shared library C:\Program Files\Java\jdk-18.0.1.1\bin\nio.dll
Event: 0.230 Loaded shared library C:\Program Files\Java\jdk-18.0.1.1\bin\zip.dll
Event: 0.331 Loaded shared library C:\Program Files\Java\jdk-18.0.1.1\bin\jimage.dll
Event: 0.390 Thread 0x00000218effb0d50 Thread added: 0x00000218effb0d50
Event: 0.402 Thread 0x00000218eff07410 Thread added: 0x00000218eff07410
Event: 0.450 Thread 0x00000218effebc30 Thread added: 0x00000218effebc30
Event: 0.458 Loaded shared library C:\Program Files\Java\jdk-18.0.1.1\bin\verify.dll
Event: 0.687 Thread 0x00000218f05a9040 Thread added: 0x00000218f05a9040
Event: 6.366 Thread 0x00000218eff07410 Thread exited: 0x00000218eff07410
Event: 11.378 Thread 0x00000218effb0d50 Thread exited: 0x00000218effb0d50


Dynamic libraries:
0x00007ff74e860000 - 0x00007ff74e870000 	C:\Program Files\Java\jdk-18.0.1.1\bin\javaw.exe
0x00007ffd452d0000 - 0x00007ffd454e4000 	C:\WINDOWS\SYSTEM32\ntdll.dll
0x00007ffd44480000 - 0x00007ffd44543000 	C:\WINDOWS\System32\KERNEL32.DLL
0x00007ffd428e0000 - 0x00007ffd42c7d000 	C:\WINDOWS\System32\KERNELBASE.dll
0x00007ffd42fa0000 - 0x00007ffd430b1000 	C:\WINDOWS\System32\ucrtbase.dll
0x00007ffd3dd60000 - 0x00007ffd3dd78000 	C:\Program Files\Java\jdk-18.0.1.1\bin\jli.dll
0x00007ffd3dd80000 - 0x00007ffd3dd9a000 	C:\Program Files\Java\jdk-18.0.1.1\bin\VCRUNTIME140.dll
0x00007ffd43fc0000 - 0x00007ffd4406e000 	C:\WINDOWS\System32\ADVAPI32.dll
0x00007ffd430c0000 - 0x00007ffd43167000 	C:\WINDOWS\System32\msvcrt.dll
0x00007ffd443d0000 - 0x00007ffd44474000 	C:\WINDOWS\System32\sechost.dll
0x00007ffd45150000 - 0x00007ffd45265000 	C:\WINDOWS\System32\RPCRT4.dll
0x00007ffd44c70000 - 0x00007ffd44e1d000 	C:\WINDOWS\System32\USER32.dll
0x00007ffd426f0000 - 0x00007ffd42716000 	C:\WINDOWS\System32\win32u.dll
0x00007ffd2c5d0000 - 0x00007ffd2c85e000 	C:\WINDOWS\WinSxS\amd64_microsoft.windows.common-controls_6595b64144ccf1df_6.0.22621.608_none_a9444ca7c10bb01d\COMCTL32.dll
0x00007ffd44e20000 - 0x00007ffd44e49000 	C:\WINDOWS\System32\GDI32.dll
0x00007ffd427c0000 - 0x00007ffd428d2000 	C:\WINDOWS\System32\gdi32full.dll
0x00007ffd42720000 - 0x00007ffd427ba000 	C:\WINDOWS\System32\msvcp_win.dll
0x00007ffd3b920000 - 0x00007ffd3b92a000 	C:\WINDOWS\SYSTEM32\VERSION.dll
0x00007ffd43f80000 - 0x00007ffd43fb2000 	C:\WINDOWS\System32\IMM32.DLL
0x00007ffd3dd30000 - 0x00007ffd3dd3c000 	C:\Program Files\Java\jdk-18.0.1.1\bin\vcruntime140_1.dll
0x00007ffd32880000 - 0x00007ffd3290d000 	C:\Program Files\Java\jdk-18.0.1.1\bin\msvcp140.dll
0x00007ffcbdc90000 - 0x00007ffcbe8a0000 	C:\Program Files\Java\jdk-18.0.1.1\bin\server\jvm.dll
0x00007ffd45010000 - 0x00007ffd45018000 	C:\WINDOWS\System32\PSAPI.DLL
0x00007ffd2c3b0000 - 0x00007ffd2c3b9000 	C:\WINDOWS\SYSTEM32\WSOCK32.dll
0x00007ffd3b950000 - 0x00007ffd3b984000 	C:\WINDOWS\SYSTEM32\WINMM.dll
0x00007ffd43620000 - 0x00007ffd43691000 	C:\WINDOWS\System32\WS2_32.dll
0x00007ffd41700000 - 0x00007ffd41718000 	C:\WINDOWS\SYSTEM32\kernel.appcore.dll
0x00007ffccdf10000 - 0x00007ffccdf1a000 	C:\Program Files\Java\jdk-18.0.1.1\bin\jimage.dll
0x00007ffd346a0000 - 0x00007ffd348ce000 	C:\WINDOWS\SYSTEM32\DBGHELP.DLL
0x00007ffd44850000 - 0x00007ffd44bda000 	C:\WINDOWS\System32\combase.dll
0x00007ffd45070000 - 0x00007ffd45147000 	C:\WINDOWS\System32\OLEAUT32.dll
0x00007ffd39300000 - 0x00007ffd39332000 	C:\WINDOWS\SYSTEM32\dbgcore.DLL
0x00007ffd42df0000 - 0x00007ffd42e6b000 	C:\WINDOWS\System32\bcryptPrimitives.dll
0x00007ffd32800000 - 0x00007ffd3283b000 	C:\Program Files\Java\jdk-18.0.1.1\bin\jdwp.dll
0x00007ffd3d4a0000 - 0x00007ffd3d4ae000 	C:\Program Files\Java\jdk-18.0.1.1\bin\instrument.dll
0x00007ffcc41f0000 - 0x00007ffcc4215000 	C:\Program Files\Java\jdk-18.0.1.1\bin\java.dll
0x00007ffcc3cb0000 - 0x00007ffcc3d86000 	C:\Program Files\Java\jdk-18.0.1.1\bin\jsvml.dll
0x00007ffd436a0000 - 0x00007ffd43e8f000 	C:\WINDOWS\System32\SHELL32.dll
0x00007ffd40720000 - 0x00007ffd40fe8000 	C:\WINDOWS\SYSTEM32\windows.storage.dll
0x00007ffd405e0000 - 0x00007ffd4071e000 	C:\WINDOWS\SYSTEM32\wintypes.dll
0x00007ffd442d0000 - 0x00007ffd443c1000 	C:\WINDOWS\System32\SHCORE.dll
0x00007ffd44fb0000 - 0x00007ffd4500e000 	C:\WINDOWS\System32\shlwapi.dll
0x00007ffd42620000 - 0x00007ffd42641000 	C:\WINDOWS\SYSTEM32\profapi.dll
0x00007ffd327f0000 - 0x00007ffd327fc000 	C:\Program Files\Java\jdk-18.0.1.1\bin\dt_socket.dll
0x00007ffd41280000 - 0x00007ffd412ad000 	C:\WINDOWS\SYSTEM32\IPHLPAPI.DLL
0x00007ffd41ca0000 - 0x00007ffd41d09000 	C:\WINDOWS\system32\mswsock.dll
0x00007ffd412b0000 - 0x00007ffd413a2000 	C:\WINDOWS\SYSTEM32\DNSAPI.dll
0x00007ffd44550000 - 0x00007ffd44559000 	C:\WINDOWS\System32\NSI.dll
0x00007ffd32ad0000 - 0x00007ffd32ada000 	C:\Windows\System32\rasadhlp.dll
0x00007ffd3a430000 - 0x00007ffd3a4b3000 	C:\WINDOWS\System32\fwpuclnt.dll
0x00007ffcc3c70000 - 0x00007ffcc3c88000 	C:\Program Files\Java\jdk-18.0.1.1\bin\zip.dll
0x00007ffcc41d0000 - 0x00007ffcc41e3000 	C:\Program Files\Java\jdk-18.0.1.1\bin\net.dll
0x00007ffd3bda0000 - 0x00007ffd3becf000 	C:\WINDOWS\SYSTEM32\WINHTTP.dll
0x00007ffcc3c90000 - 0x00007ffcc3ca6000 	C:\Program Files\Java\jdk-18.0.1.1\bin\nio.dll
0x00007ffccdf00000 - 0x00007ffccdf10000 	C:\Program Files\Java\jdk-18.0.1.1\bin\verify.dll
0x00007ffd3baf0000 - 0x00007ffd3bb09000 	C:\WINDOWS\SYSTEM32\dhcpcsvc6.DLL
0x00007ffd3b8c0000 - 0x00007ffd3b8df000 	C:\WINDOWS\SYSTEM32\dhcpcsvc.DLL

dbghelp: loaded successfully - version: 4.0.5 - missing functions: none
symbol engine: initialized successfully - sym options: 0x614 - pdb path: .;C:\Program Files\Java\jdk-18.0.1.1\bin;C:\WINDOWS\SYSTEM32;C:\WINDOWS\WinSxS\amd64_microsoft.windows.common-controls_6595b64144ccf1df_6.0.22621.608_none_a9444ca7c10bb01d;C:\Program Files\Java\jdk-18.0.1.1\bin\server

VM Arguments:
jvm_args: -XX:+ShowCodeDetailsInExceptionMessages -agentlib:jdwp=transport=dt_socket,suspend=y,address=localhost:51233 -ea -javaagent:C:\Users\ewgen\eclipse\jee-2022-09\eclipse\configuration\org.eclipse.osgi\421\0\.cp\lib\javaagent-shaded.jar -Dfile.encoding=UTF-8 
java_command: org.eclipse.jdt.internal.junit.runner.RemoteTestRunner -version 3 -port 51232 -testLoaderClass org.eclipse.jdt.internal.junit5.runner.JUnit5TestLoader -loaderpluginname org.eclipse.jdt.junit5.runtime -test telran.util.test.LinkedListTest:testRemoveInt -uniqueId [engine:junit-jupiter]/[class:telran.util.test.LinkedListTest]/[method:testRemoveInt()]
java_class_path (initial): C:\Users\ewgen\git\oop-introduction\oop-introduction\bin;C:\Users\ewgen\.p2\pool\plugins\junit-jupiter-api_5.9.0.jar;C:\Users\ewgen\.p2\pool\plugins\junit-jupiter-engine_5.9.0.jar;C:\Users\ewgen\.p2\pool\plugins\junit-jupiter-migrationsupport_5.9.0.jar;C:\Users\ewgen\.p2\pool\plugins\junit-jupiter-params_5.9.0.jar;C:\Users\ewgen\.p2\pool\plugins\junit-platform-commons_1.9.0.jar;C:\Users\ewgen\.p2\pool\plugins\junit-platform-engine_1.9.0.jar;C:\Users\ewgen\.p2\pool\plugins\junit-platform-launcher_1.9.0.jar;C:\Users\ewgen\.p2\pool\plugins\junit-platform-runner_1.9.0.jar;C:\Users\ewgen\.p2\pool\plugins\junit-platform-suite-api_1.9.0.jar;C:\Users\ewgen\.p2\pool\plugins\junit-platform-suite-engine_1.9.0.jar;C:\Users\ewgen\.p2\pool\plugins\junit-platform-suite-commons_1.9.0.jar;C:\Users\ewgen\.p2\pool\plugins\junit-vintage-engine_5.9.0.jar;C:\Users\ewgen\.p2\pool\plugins\org.opentest4j_1.2.0.jar;C:\Users\ewgen\.p2\pool\plugins\org.apiguardian.api_1.1.2.jar;C:\Users\ewgen\.p2\pool\plugins\org.junit_4.13.2.v20211018-1956.jar;C:\Users\ewgen\.p2\pool\plugins\org.hamcrest.core_1.3.0.v20180420-1519.jar;C:\Users\ewgen\eclipse\jee-2022-09\eclipse\configuration\org.eclipse.osgi\420\0\.cp;C:\Users\ewgen\eclipse\jee-2022-09\eclipse\configuration\org.eclipse.osgi\418\0\.cp
Launcher Type: SUN_STANDARD

[Global flags]
     intx CICompilerCount                          = 4                                         {product} {ergonomic}
     uint ConcGCThreads                            = 3                                         {product} {ergonomic}
     uint G1ConcRefinementThreads                  = 10                                        {product} {ergonomic}
   size_t G1HeapRegionSize                         = 1048576                                   {product} {ergonomic}
    uintx GCDrainStackTargetSize                   = 64                                        {product} {ergonomic}
   size_t InitialHeapSize                          = 132120576                                 {product} {ergonomic}
   size_t MarkStackSize                            = 4194304                                   {product} {ergonomic}
   size_t MaxHeapSize                              = 2107637760                                {product} {ergonomic}
   size_t MaxNewSize                               = 1264582656                                {product} {ergonomic}
   size_t MinHeapDeltaBytes                        = 1048576                                   {product} {ergonomic}
   size_t MinHeapSize                              = 8388608                                   {product} {ergonomic}
    uintx NonNMethodCodeHeapSize                   = 5839372                                {pd product} {ergonomic}
    uintx NonProfiledCodeHeapSize                  = 122909434                              {pd product} {ergonomic}
    uintx ProfiledCodeHeapSize                     = 122909434                              {pd product} {ergonomic}
    uintx ReservedCodeCacheSize                    = 251658240                              {pd product} {ergonomic}
     bool SegmentedCodeCache                       = true                                      {product} {ergonomic}
     bool ShowCodeDetailsInExceptionMessages       = true                                   {manageable} {command line}
   size_t SoftMaxHeapSize                          = 2107637760                             {manageable} {ergonomic}
     bool UseCompressedClassPointers               = true                           {product lp64_product} {ergonomic}
     bool UseCompressedOops                        = true                           {product lp64_product} {ergonomic}
     bool UseG1GC                                  = true                                      {product} {ergonomic}
     bool UseLargePagesIndividualAllocation        = false                                  {pd product} {ergonomic}

Logging:
Log output configuration:
 #0: stdout all=warning uptime,level,tags foldmultilines=false
 #1: stderr all=off uptime,level,tags foldmultilines=false

Environment Variables:
JAVA_HOME=C:\Program Files\Java\jdk-18.0.1.1
PATH=C:/Program Files/Java/jdk-18.0.1.1/bin/server;C:/Program Files/Java/jdk-18.0.1.1/bin;C:\Program Files\Common Files\Oracle\Java\javapath;C:\Windows\system32;C:\Windows;C:\Windows\System32\Wbem;C:\Windows\System32\WindowsPowerShell\v1.0\;C:\Windows\System32\OpenSSH\;C:\Program Files\Microsoft SQL Server\150\Tools\Binn\;C:\Program Files\Microsoft SQL Server\Client SDK\ODBC\170\Tools\Binn\;C:\Program Files\OpenRPA\;C:\Program Files\nodejs\;C:\ProgramData\chocolatey\bin;C:\WINDOWS\system32;C:\WINDOWS;C:\WINDOWS\System32\Wbem;C:\WINDOWS\System32\WindowsPowerShell\v1.0\;C:\WINDOWS\System32\OpenSSH\;C:\Program Files\dotnet\;C:\Program Files\Git\cmd;C:\WINDOWS\system32;C:\WINDOWS;C:\WINDOWS\System32\Wbem;C:\WINDOWS\System32\WindowsPowerShell\v1.0\;C:\WINDOWS\System32\OpenSSH\;C:\Windows\system32;C:\Windows;C:\Windows\System32\Wbem;C:\Windows\System32\WindowsPowerShell\v1.0\;C:\Windows\System32\OpenSSH\;C:\Program Files\Microsoft SQL Server\150\Tools\Binn\;C:\Program Files\Microsoft SQL Server\Client SDK\ODBC\170\Tools\Binn\;C:\Program Files\dotnet\;C:\Program Files\OpenRPA\;C:\Program Files\nodejs\;C:\ProgramData\chocolatey\bin;C:\Python310\Scripts\;C:\Python310\;C:\Users\ewgen\AppData\Local\Programs\Python\Python310\Scripts\;C:\Users\ewgen\AppData\Local\Programs\Python\Python310\;C:\Users\ewgen\AppData\Local\Microsoft\WindowsApps;C:\Users\ewgen\.dotnet\tools;C:\Users\ewgen\AppData\Local\Programs\Microsoft VS Code\bin;C:\Users\ewgen\AppData\Local\nvs\;C:\Users\ewgen\AppData\Roaming\npm;c:\Python310;C:\Users\ewgen\AppData\Local\Microsoft\WindowsApps;C:\Program Files\Java\jdk-18.0.1.1\bin;C:\Program Files\JetBrains\IntelliJ IDEA Community Edition 2022.1.3\bin;;C:\Users\ewgen\.dotnet\tools;C:\Users\ewgen\AppData\Local\GitHubDesktop\bin;;C:\Users\ewgen\eclipse\jee-2022-09\eclipse;
USERNAME=ewgen
OS=Windows_NT
PROCESSOR_IDENTIFIER=Intel64 Family 6 Model 158 Stepping 10, GenuineIntel



---------------  S Y S T E M  ---------------

OS:
 Windows 11 , 64 bit Build 22621 (10.0.22621.963)
OS uptime: 0 days 17:07 hours

CPU: total 12 (initial active 12) (6 cores per cpu, 2 threads per core) family 6 model 158 stepping 10 microcode 0xde, cx8, cmov, fxsr, ht, mmx, 3dnowpref, sse, sse2, sse3, ssse3, sse4.1, sse4.2, popcnt, lzcnt, tsc, tscinvbit, avx, avx2, aes, erms, clmul, bmi1, bmi2, adx, fma, vzeroupper, clflush, clflushopt

Memory: 4k page, system-wide physical 8039M (1840M free)
TotalPageFile size 14439M (AvailPageFile size 5670M)
current process WorkingSet (physical memory assigned to process): 76M, peak: 82M
current process commit charge ("private bytes"): 226M, peak: 231M

vm_info: Java HotSpot(TM) 64-Bit Server VM (18.0.1.1+2-6) for windows-amd64 JRE (18.0.1.1+2-6), built on Apr 25 2022 21:53:15 by "mach5one" with MS VC++ 16.8 / 16.9 (VS2019)

END.
